{"uuid":"fba1d19f-a351-4bb5-b145-d01dfc0f4ed4","historyId":"5627df81a2af3a325db824d3b3bf6da9","fullName":"Jira connection test: JenkinsTest","labels":[{"name":"host","value":"SII-AS1"},{"name":"thread","value":"35304@SII-AS1.main(1)"},{"name":"feature","value":"Jira connection test"},{"name":"story","value":"JenkinsTest"},{"name":"suite","value":"Jira connection test"},{"name":"testClass","value":"JenkinsTest"},{"name":"framework","value":"cucumber6jvm"},{"name":"language","value":"java"},{"name":"gherkin_uri","value":"file:///C:/Users/a.savchenko/IdeaProjects/zephyrJenkins/./NewFeatures/JiraCloud.feature"},{"name":"package","value":"NewFeatures.JiraCloud_feature.Jira connection test"}],"links":[],"name":"JenkinsTest","status":"skipped","statusDetails":{"known":false,"muted":false,"flaky":false,"message":"Undefined Step. Please add step definition","trace":"java.lang.IllegalStateException: Undefined Step. Please add step definition\r\n\tat io.qameta.allure.cucumber6jvm.AllureCucumber6Jvm.handlePickleStep(AllureCucumber6Jvm.java:414)\r\n\tat io.qameta.allure.cucumber6jvm.AllureCucumber6Jvm.handleTestStepFinished(AllureCucumber6Jvm.java:244)\r\n\tat io.cucumber.core.eventbus.AbstractEventPublisher.send(AbstractEventPublisher.java:51)\r\n\tat io.cucumber.core.eventbus.AbstractEventBus.send(AbstractEventBus.java:12)\r\n\tat io.cucumber.core.runtime.SynchronizedEventBus.send(SynchronizedEventBus.java:47)\r\n\tat io.cucumber.core.runtime.ThreadLocalRunnerSupplier$LocalEventBus.send(ThreadLocalRunnerSupplier.java:66)\r\n\tat io.cucumber.core.runner.TestStep.emitTestStepFinished(TestStep.java:124)\r\n\tat io.cucumber.core.runner.TestStep.run(TestStep.java:74)\r\n\tat io.cucumber.core.runner.PickleStepTestStep.run(PickleStepTestStep.java:51)\r\n\tat io.cucumber.core.runner.TestCase.run(TestCase.java:104)\r\n\tat io.cucumber.core.runner.Runner.runPickle(Runner.java:73)\r\n\tat io.cucumber.junit.PickleRunners$NoStepDescriptions.run(PickleRunners.java:151)\r\n\tat io.cucumber.junit.FeatureRunner.runChild(FeatureRunner.java:135)\r\n\tat io.cucumber.junit.FeatureRunner.runChild(FeatureRunner.java:27)\r\n\tat org.junit.runners.ParentRunner$4.run(ParentRunner.java:331)\r\n\tat org.junit.runners.ParentRunner$1.schedule(ParentRunner.java:79)\r\n\tat org.junit.runners.ParentRunner.runChildren(ParentRunner.java:329)\r\n\tat org.junit.runners.ParentRunner.access$100(ParentRunner.java:66)\r\n\tat org.junit.runners.ParentRunner$2.evaluate(ParentRunner.java:293)\r\n\tat org.junit.runners.ParentRunner$3.evaluate(ParentRunner.java:306)\r\n\tat org.junit.runners.ParentRunner.run(ParentRunner.java:413)\r\n\tat io.cucumber.junit.Cucumber.runChild(Cucumber.java:200)\r\n\tat io.cucumber.junit.Cucumber.runChild(Cucumber.java:90)\r\n\tat org.junit.runners.ParentRunner$4.run(ParentRunner.java:331)\r\n\tat org.junit.runners.ParentRunner$1.schedule(ParentRunner.java:79)\r\n\tat org.junit.runners.ParentRunner.runChildren(ParentRunner.java:329)\r\n\tat org.junit.runners.ParentRunner.access$100(ParentRunner.java:66)\r\n\tat org.junit.runners.ParentRunner$2.evaluate(ParentRunner.java:293)\r\n\tat io.cucumber.junit.Cucumber$RunCucumber.evaluate(Cucumber.java:235)\r\n\tat org.junit.runners.ParentRunner$3.evaluate(ParentRunner.java:306)\r\n\tat org.junit.runners.ParentRunner.run(ParentRunner.java:413)\r\n\tat org.junit.runner.JUnitCore.run(JUnitCore.java:137)\r\n\tat com.intellij.junit4.JUnit4IdeaTestRunner.startRunnerWithArgs(JUnit4IdeaTestRunner.java:69)\r\n\tat com.intellij.rt.junit.IdeaTestRunner$Repeater.startRunnerWithArgs(IdeaTestRunner.java:33)\r\n\tat com.intellij.rt.junit.JUnitStarter.prepareStreamsAndStart(JUnitStarter.java:235)\r\n\tat com.intellij.rt.junit.JUnitStarter.main(JUnitStarter.java:54)\r\n"},"stage":"finished","steps":[{"name":"Given  user start to tes5t","statusDetails":{"known":false,"muted":false,"flaky":false,"message":"Undefined Step. Please add step definition","trace":"java.lang.IllegalStateException: Undefined Step. Please add step definition\r\n\tat io.qameta.allure.cucumber6jvm.AllureCucumber6Jvm.handlePickleStep(AllureCucumber6Jvm.java:414)\r\n\tat io.qameta.allure.cucumber6jvm.AllureCucumber6Jvm.handleTestStepFinished(AllureCucumber6Jvm.java:244)\r\n\tat io.cucumber.core.eventbus.AbstractEventPublisher.send(AbstractEventPublisher.java:51)\r\n\tat io.cucumber.core.eventbus.AbstractEventBus.send(AbstractEventBus.java:12)\r\n\tat io.cucumber.core.runtime.SynchronizedEventBus.send(SynchronizedEventBus.java:47)\r\n\tat io.cucumber.core.runtime.ThreadLocalRunnerSupplier$LocalEventBus.send(ThreadLocalRunnerSupplier.java:66)\r\n\tat io.cucumber.core.runner.TestStep.emitTestStepFinished(TestStep.java:124)\r\n\tat io.cucumber.core.runner.TestStep.run(TestStep.java:74)\r\n\tat io.cucumber.core.runner.PickleStepTestStep.run(PickleStepTestStep.java:51)\r\n\tat io.cucumber.core.runner.TestCase.run(TestCase.java:104)\r\n\tat io.cucumber.core.runner.Runner.runPickle(Runner.java:73)\r\n\tat io.cucumber.junit.PickleRunners$NoStepDescriptions.run(PickleRunners.java:151)\r\n\tat io.cucumber.junit.FeatureRunner.runChild(FeatureRunner.java:135)\r\n\tat io.cucumber.junit.FeatureRunner.runChild(FeatureRunner.java:27)\r\n\tat org.junit.runners.ParentRunner$4.run(ParentRunner.java:331)\r\n\tat org.junit.runners.ParentRunner$1.schedule(ParentRunner.java:79)\r\n\tat org.junit.runners.ParentRunner.runChildren(ParentRunner.java:329)\r\n\tat org.junit.runners.ParentRunner.access$100(ParentRunner.java:66)\r\n\tat org.junit.runners.ParentRunner$2.evaluate(ParentRunner.java:293)\r\n\tat org.junit.runners.ParentRunner$3.evaluate(ParentRunner.java:306)\r\n\tat org.junit.runners.ParentRunner.run(ParentRunner.java:413)\r\n\tat io.cucumber.junit.Cucumber.runChild(Cucumber.java:200)\r\n\tat io.cucumber.junit.Cucumber.runChild(Cucumber.java:90)\r\n\tat org.junit.runners.ParentRunner$4.run(ParentRunner.java:331)\r\n\tat org.junit.runners.ParentRunner$1.schedule(ParentRunner.java:79)\r\n\tat org.junit.runners.ParentRunner.runChildren(ParentRunner.java:329)\r\n\tat org.junit.runners.ParentRunner.access$100(ParentRunner.java:66)\r\n\tat org.junit.runners.ParentRunner$2.evaluate(ParentRunner.java:293)\r\n\tat io.cucumber.junit.Cucumber$RunCucumber.evaluate(Cucumber.java:235)\r\n\tat org.junit.runners.ParentRunner$3.evaluate(ParentRunner.java:306)\r\n\tat org.junit.runners.ParentRunner.run(ParentRunner.java:413)\r\n\tat org.junit.runner.JUnitCore.run(JUnitCore.java:137)\r\n\tat com.intellij.junit4.JUnit4IdeaTestRunner.startRunnerWithArgs(JUnit4IdeaTestRunner.java:69)\r\n\tat com.intellij.rt.junit.IdeaTestRunner$Repeater.startRunnerWithArgs(IdeaTestRunner.java:33)\r\n\tat com.intellij.rt.junit.JUnitStarter.prepareStreamsAndStart(JUnitStarter.java:235)\r\n\tat com.intellij.rt.junit.JUnitStarter.main(JUnitStarter.java:54)\r\n"},"stage":"finished","steps":[],"attachments":[],"parameters":[],"start":1686054231187,"stop":1686054231196},{"name":"When  user on test page5","status":"skipped","statusDetails":{"known":false,"muted":false,"flaky":false},"stage":"finished","steps":[],"attachments":[],"parameters":[],"start":1686054231207,"stop":1686054231209},{"name":"And  user click to the button","status":"skipped","statusDetails":{"known":false,"muted":false,"flaky":false},"stage":"finished","steps":[],"attachments":[],"parameters":[],"start":1686054231210,"stop":1686054231210},{"name":"Then  in console stamp Anatoliy","status":"skipped","statusDetails":{"known":false,"muted":false,"flaky":false},"stage":"finished","steps":[],"attachments":[],"parameters":[],"start":1686054231211,"stop":1686054231211}],"attachments":[],"parameters":[],"start":1686054231183,"stop":1686054231219}